[Method]: POST
  [URI]:articles/
  [Timestamp]:Sat Oct 15 2016 14:54:42 GMT-1000 (HST)

  [Method]: GET
  [URI]:articles/
  [Timestamp]:Sat Oct 15 2016 14:54:47 GMT-1000 (HST)

  [Method]: GET
  [URI]:articles/
  [Timestamp]:Sat Oct 15 2016 14:55:06 GMT-1000 (HST)

  [Method]: POST
  [URI]:articles/
  [Timestamp]:Sat Oct 15 2016 14:55:42 GMT-1000 (HST)

  [Method]: GET
  [URI]:articles/
  [Timestamp]:Sat Oct 15 2016 14:55:46 GMT-1000 (HST)

  [Method]: POST
  [URI]:articles/
  [Timestamp]:Sat Oct 15 2016 14:56:27 GMT-1000 (HST)

  [Method]: GET
  [URI]:articles/
  [Timestamp]:Sat Oct 15 2016 14:56:33 GMT-1000 (HST)

  [Method]: POST
  [URI]:articles/
  [Timestamp]:Sat Oct 15 2016 14:57:45 GMT-1000 (HST)

  [Method]: GET
  [URI]:articles/
  [Timestamp]:Sat Oct 15 2016 14:57:51 GMT-1000 (HST)

  [Method]: POST
  [URI]:articles/
  [Timestamp]:Sat Oct 15 2016 14:58:02 GMT-1000 (HST)

  [Method]: POST
  [URI]:articles/
  [Timestamp]:Sat Oct 15 2016 14:59:27 GMT-1000 (HST)

  [Method]: GET
  [URI]:articles/
  [Timestamp]:Sat Oct 15 2016 14:59:30 GMT-1000 (HST)

  [Method]: POST
  [URI]:articles/
  [Timestamp]:Sat Oct 15 2016 15:00:36 GMT-1000 (HST)

  [Method]: POST
  [URI]:articles/
  [Timestamp]:Sat Oct 15 2016 15:00:43 GMT-1000 (HST)

  [Method]: GET
  [URI]:articles/
  [Timestamp]:Sat Oct 15 2016 15:00:46 GMT-1000 (HST)

  [Method]: GET
  [URI]:
  [Timestamp]:Sat Oct 15 2016 15:01:04 GMT-1000 (HST)

  [Method]: GET
  [URI]:favicon.ico
  [Timestamp]:Sat Oct 15 2016 15:01:04 GMT-1000 (HST)

  [Method]: GET
  [URI]:articles
  [Timestamp]:Sat Oct 15 2016 15:01:10 GMT-1000 (HST)

  [Method]: GET
  [URI]:styles.css
  [Timestamp]:Sat Oct 15 2016 15:01:10 GMT-1000 (HST)

  [Method]: GET
  [URI]:articles/new
  [Timestamp]:Sat Oct 15 2016 15:01:14 GMT-1000 (HST)

  [Method]: GET
  [URI]:styles.css
  [Timestamp]:Sat Oct 15 2016 15:01:14 GMT-1000 (HST)

  [Method]: POST
  [URI]:articles/new
  [Timestamp]:Sat Oct 15 2016 15:01:28 GMT-1000 (HST)

  [Method]: GET
  [URI]:articles
  [Timestamp]:Sat Oct 15 2016 15:01:30 GMT-1000 (HST)

  [Method]: GET
  [URI]:styles.css
  [Timestamp]:Sat Oct 15 2016 15:01:30 GMT-1000 (HST)

  [Method]: GET
  [URI]:
  [Timestamp]:Sat Oct 15 2016 15:09:16 GMT-1000 (HST)

  [Method]: GET
  [URI]:articles
  [Timestamp]:Sat Oct 15 2016 15:09:20 GMT-1000 (HST)

  [Method]: GET
  [URI]:styles.css
  [Timestamp]:Sat Oct 15 2016 15:09:20 GMT-1000 (HST)

  [Method]: GET
  [URI]:articles
  [Timestamp]:Sat Oct 15 2016 15:09:24 GMT-1000 (HST)

  [Method]: GET
  [URI]:styles.css
  [Timestamp]:Sat Oct 15 2016 15:09:24 GMT-1000 (HST)

  [Method]: GET
  [URI]:articles/new
  [Timestamp]:Sat Oct 15 2016 15:09:36 GMT-1000 (HST)

  [Method]: GET
  [URI]:styles.css
  [Timestamp]:Sat Oct 15 2016 15:09:36 GMT-1000 (HST)

  [Method]: POST
  [URI]:articles/new
  [Timestamp]:Sat Oct 15 2016 15:10:04 GMT-1000 (HST)

  [Method]: GET
  [URI]:articles
  [Timestamp]:Sat Oct 15 2016 15:10:07 GMT-1000 (HST)

  [Method]: GET
  [URI]:styles.css
  [Timestamp]:Sat Oct 15 2016 15:10:07 GMT-1000 (HST)

  [Method]: GET
  [URI]:articles
  [Timestamp]:Sat Oct 15 2016 15:13:31 GMT-1000 (HST)

  [Method]: GET
  [URI]:articles
  [Timestamp]:Sat Oct 15 2016 15:17:27 GMT-1000 (HST)

  [Method]: GET
  [URI]:styles.css
  [Timestamp]:Sat Oct 15 2016 15:17:27 GMT-1000 (HST)

  [Method]: GET
  [URI]:articles
  [Timestamp]:Sat Oct 15 2016 15:43:38 GMT-1000 (HST)

  [Method]: GET
  [URI]:styles.css
  [Timestamp]:Sat Oct 15 2016 15:43:38 GMT-1000 (HST)

  [Method]: GET
  [URI]:articles/1/edit
  [Timestamp]:Sat Oct 15 2016 15:43:54 GMT-1000 (HST)

  [Method]: GET
  [URI]:articles
  [Timestamp]:Sat Oct 15 2016 15:44:08 GMT-1000 (HST)

  [Method]: GET
  [URI]:styles.css
  [Timestamp]:Sat Oct 15 2016 15:44:08 GMT-1000 (HST)

  [Method]: GET
  [URI]:articles/joe/edit
  [Timestamp]:Sat Oct 15 2016 15:44:25 GMT-1000 (HST)

  [Method]: GET
  [URI]:articles/joe/edit
  [Timestamp]:Sat Oct 15 2016 15:45:50 GMT-1000 (HST)

  [Method]: PUT
  [URI]:articles/joe
  [Timestamp]:Sat Oct 15 2016 15:49:08 GMT-1000 (HST)

  [Method]: GET
  [URI]:articles/joe
  [Timestamp]:Sat Oct 15 2016 15:49:19 GMT-1000 (HST)

  [Method]: GET
  [URI]:articles
  [Timestamp]:Sat Oct 15 2016 15:49:24 GMT-1000 (HST)

  [Method]: PUT
  [URI]:articles/cody
  [Timestamp]:Sat Oct 15 2016 15:51:19 GMT-1000 (HST)

  [Method]: GET
  [URI]:articles/
  [Timestamp]:Sat Oct 15 2016 15:51:28 GMT-1000 (HST)

  [Method]: GET
  [URI]:articles/
  [Timestamp]:Sat Oct 15 2016 15:52:06 GMT-1000 (HST)

  [Method]: GET
  [URI]:styles.css
  [Timestamp]:Sat Oct 15 2016 15:52:06 GMT-1000 (HST)

  [Method]: GET
  [URI]:articles/
  [Timestamp]:Sat Oct 15 2016 15:59:25 GMT-1000 (HST)

  [Method]: PUT
  [URI]:articles/joe
  [Timestamp]:Sat Oct 15 2016 15:59:54 GMT-1000 (HST)

  [Method]: GET
  [URI]:articles/
  [Timestamp]:Sat Oct 15 2016 16:00:02 GMT-1000 (HST)

  [Method]: DELETE
  [URI]:articles/joe
  [Timestamp]:Sat Oct 15 2016 16:03:12 GMT-1000 (HST)

  [Method]: GET
  [URI]:articles
  [Timestamp]:Sat Oct 15 2016 16:03:20 GMT-1000 (HST)

  [Method]: DELETE
  [URI]:articles/joe
  [Timestamp]:Sat Oct 15 2016 16:04:07 GMT-1000 (HST)

  [Method]: GET
  [URI]:articles/
  [Timestamp]:Sat Oct 15 2016 16:04:12 GMT-1000 (HST)

  [Method]: DELETE
  [URI]:articles/
  [Timestamp]:Sat Oct 15 2016 16:12:43 GMT-1000 (HST)

  [Method]: DELETE
  [URI]:articles/joe
  [Timestamp]:Sat Oct 15 2016 16:12:50 GMT-1000 (HST)

  [Method]: GET
  [URI]:articles/
  [Timestamp]:Sat Oct 15 2016 16:12:55 GMT-1000 (HST)

  [Method]: GET
  [URI]:articles/
  [Timestamp]:Sat Oct 15 2016 16:18:45 GMT-1000 (HST)

  [Method]: DELETE
  [URI]:articles/cody
  [Timestamp]:Sat Oct 15 2016 16:19:20 GMT-1000 (HST)

  [Method]: GET
  [URI]:articles/
  [Timestamp]:Sat Oct 15 2016 16:19:29 GMT-1000 (HST)

  [Method]: DELETE
  [URI]:articles/cody
  [Timestamp]:Sat Oct 15 2016 16:20:27 GMT-1000 (HST)

  [Method]: GET
  [URI]:articles
  [Timestamp]:Sat Oct 15 2016 16:20:59 GMT-1000 (HST)

  [Method]: DELETE
  [URI]:articles/cody
  [Timestamp]:Sat Oct 15 2016 16:21:06 GMT-1000 (HST)

  [Method]: GET
  [URI]:articles/cody
  [Timestamp]:Sat Oct 15 2016 16:21:13 GMT-1000 (HST)

  [Method]: GET
  [URI]:articles/
  [Timestamp]:Sat Oct 15 2016 16:21:17 GMT-1000 (HST)

  [Method]: GET
  [URI]:articles/new
  [Timestamp]:Sat Oct 15 2016 16:22:27 GMT-1000 (HST)

  [Method]: GET
  [URI]:articles/new
  [Timestamp]:Sat Oct 15 2016 16:22:28 GMT-1000 (HST)

  [Method]: GET
  [URI]:styles.css
  [Timestamp]:Sat Oct 15 2016 16:22:28 GMT-1000 (HST)

  [Method]: POST
  [URI]:articles/new
  [Timestamp]:Sat Oct 15 2016 16:22:42 GMT-1000 (HST)

  [Method]: GET
  [URI]:articles
  [Timestamp]:Sat Oct 15 2016 16:22:44 GMT-1000 (HST)

  [Method]: GET
  [URI]:styles.css
  [Timestamp]:Sat Oct 15 2016 16:22:44 GMT-1000 (HST)

  [Method]: GET
  [URI]:articles/new
  [Timestamp]:Sat Oct 15 2016 16:22:48 GMT-1000 (HST)

  [Method]: GET
  [URI]:styles.css
  [Timestamp]:Sat Oct 15 2016 16:22:48 GMT-1000 (HST)

  [Method]: POST
  [URI]:articles/new
  [Timestamp]:Sat Oct 15 2016 16:23:00 GMT-1000 (HST)

  [Method]: GET
  [URI]:articles
  [Timestamp]:Sat Oct 15 2016 16:23:02 GMT-1000 (HST)

  [Method]: GET
  [URI]:styles.css
  [Timestamp]:Sat Oct 15 2016 16:23:02 GMT-1000 (HST)

  [Method]: GET
  [URI]:articles/
  [Timestamp]:Sat Oct 15 2016 16:23:13 GMT-1000 (HST)

  [Method]: DELETE
  [URI]:articles/turn up
  [Timestamp]:Sat Oct 15 2016 16:23:34 GMT-1000 (HST)

  [Method]: GET
  [URI]:articles/
  [Timestamp]:Sat Oct 15 2016 16:23:41 GMT-1000 (HST)

  [Method]: DELETE
  [URI]:articles/turn up
  [Timestamp]:Sat Oct 15 2016 16:26:10 GMT-1000 (HST)

  [Method]: GET
  [URI]:articles
  [Timestamp]:Sat Oct 15 2016 16:26:40 GMT-1000 (HST)

  [Method]: GET
  [URI]:styles.css
  [Timestamp]:Sat Oct 15 2016 16:26:40 GMT-1000 (HST)

  [Method]: GET
  [URI]:articles/turn up
  [Timestamp]:Sat Oct 15 2016 16:26:44 GMT-1000 (HST)

  [Method]: DELETE
  [URI]:articles/turn up
  [Timestamp]:Sat Oct 15 2016 16:26:49 GMT-1000 (HST)

  [Method]: DELETE
  [URI]:articles/turn up
  [Timestamp]:Sat Oct 15 2016 16:27:56 GMT-1000 (HST)

  [Method]: DELETE
  [URI]:articles/turn up
  [Timestamp]:Sat Oct 15 2016 16:28:07 GMT-1000 (HST)

  [Method]: DELETE
  [URI]:articles/turn up
  [Timestamp]:Sat Oct 15 2016 16:29:07 GMT-1000 (HST)

  [Method]: DELETE
  [URI]:articles/turn up
  [Timestamp]:Sat Oct 15 2016 16:29:52 GMT-1000 (HST)

  [Method]: DELETE
  [URI]:articles/turn up
  [Timestamp]:Sat Oct 15 2016 16:30:26 GMT-1000 (HST)

  [Method]: GET
  [URI]:articles
  [Timestamp]:Sat Oct 15 2016 16:30:33 GMT-1000 (HST)

  [Method]: GET
  [URI]:articles
  [Timestamp]:Sat Oct 15 2016 16:30:38 GMT-1000 (HST)

  [Method]: GET
  [URI]:styles.css
  [Timestamp]:Sat Oct 15 2016 16:30:38 GMT-1000 (HST)

  [Method]: DELETE
  [URI]:articles/turn up
  [Timestamp]:Sat Oct 15 2016 16:31:58 GMT-1000 (HST)

  [Method]: GET
  [URI]:articles
  [Timestamp]:Sat Oct 15 2016 16:32:04 GMT-1000 (HST)

  [Method]: GET
  [URI]:styles.css
  [Timestamp]:Sat Oct 15 2016 16:32:04 GMT-1000 (HST)

  [Method]: DELETE
  [URI]:articles
  [Timestamp]:Sat Oct 15 2016 16:39:18 GMT-1000 (HST)

  [Method]: GET
  [URI]:articles
  [Timestamp]:Sat Oct 15 2016 16:39:24 GMT-1000 (HST)

  [Method]: GET
  [URI]:articles/turn down/edit
  [Timestamp]:Sat Oct 15 2016 16:39:41 GMT-1000 (HST)

  [Method]: GET
  [URI]:styles.css
  [Timestamp]:Sat Oct 15 2016 16:39:41 GMT-1000 (HST)

  [Method]: POST
  [URI]:articles/turn down/edit
  [Timestamp]:Sat Oct 15 2016 16:40:58 GMT-1000 (HST)

  [Method]: GET
  [URI]:articles
  [Timestamp]:Sat Oct 15 2016 16:40:59 GMT-1000 (HST)

  [Method]: GET
  [URI]:styles.css
  [Timestamp]:Sat Oct 15 2016 16:40:59 GMT-1000 (HST)

  [Method]: GET
  [URI]:articles/turn down/edit
  [Timestamp]:Sat Oct 15 2016 16:43:38 GMT-1000 (HST)

  [Method]: GET
  [URI]:styles.css
  [Timestamp]:Sat Oct 15 2016 16:43:39 GMT-1000 (HST)

  [Method]: GET
  [URI]:articles/turn down/edit
  [Timestamp]:Sat Oct 15 2016 16:44:07 GMT-1000 (HST)

  [Method]: GET
  [URI]:styles.css
  [Timestamp]:Sat Oct 15 2016 16:44:07 GMT-1000 (HST)

  [Method]: GET
  [URI]:articles/turn down/edit
  [Timestamp]:Sat Oct 15 2016 16:48:47 GMT-1000 (HST)

  [Method]: GET
  [URI]:styles.css
  [Timestamp]:Sat Oct 15 2016 16:48:47 GMT-1000 (HST)

  [Method]: GET
  [URI]:articles/turn down/edit
  [Timestamp]:Sat Oct 15 2016 16:48:58 GMT-1000 (HST)

  [Method]: GET
  [URI]:styles.css
  [Timestamp]:Sat Oct 15 2016 16:48:58 GMT-1000 (HST)

  [Method]: GET
  [URI]:articles/turn down/edit
  [Timestamp]:Sat Oct 15 2016 16:49:24 GMT-1000 (HST)

  [Method]: GET
  [URI]:styles.css
  [Timestamp]:Sat Oct 15 2016 16:49:24 GMT-1000 (HST)

  [Method]: GET
  [URI]:articles/turn down/edit
  [Timestamp]:Sat Oct 15 2016 16:51:08 GMT-1000 (HST)

  [Method]: GET
  [URI]:styles.css
  [Timestamp]:Sat Oct 15 2016 16:51:09 GMT-1000 (HST)

  [Method]: GET
  [URI]:articles/turn down/edit
  [Timestamp]:Sat Oct 15 2016 16:51:31 GMT-1000 (HST)

  [Method]: GET
  [URI]:styles.css
  [Timestamp]:Sat Oct 15 2016 16:51:31 GMT-1000 (HST)

  [Method]: GET
  [URI]:articles/turn down/edit
  [Timestamp]:Sat Oct 15 2016 16:52:07 GMT-1000 (HST)

  [Method]: GET
  [URI]:styles.css
  [Timestamp]:Sat Oct 15 2016 16:52:07 GMT-1000 (HST)

  [Method]: GET
  [URI]:articles/
  [Timestamp]:Sat Oct 15 2016 16:52:42 GMT-1000 (HST)

  [Method]: GET
  [URI]:styles.css
  [Timestamp]:Sat Oct 15 2016 16:52:42 GMT-1000 (HST)

  [Method]: GET
  [URI]:articles/
  [Timestamp]:Sat Oct 15 2016 16:53:34 GMT-1000 (HST)

  [Method]: GET
  [URI]:styles.css
  [Timestamp]:Sat Oct 15 2016 16:53:34 GMT-1000 (HST)

  [Method]: GET
  [URI]:articles/
  [Timestamp]:Sat Oct 15 2016 16:53:37 GMT-1000 (HST)

  [Method]: GET
  [URI]:styles.css
  [Timestamp]:Sat Oct 15 2016 16:53:37 GMT-1000 (HST)

  [Method]: GET
  [URI]:articles/turn down/edit
  [Timestamp]:Sat Oct 15 2016 16:53:42 GMT-1000 (HST)

  [Method]: GET
  [URI]:styles.css
  [Timestamp]:Sat Oct 15 2016 16:53:42 GMT-1000 (HST)

  [Method]: GET
  [URI]:articles/turn down/edit
  [Timestamp]:Sat Oct 15 2016 16:54:08 GMT-1000 (HST)

  [Method]: GET
  [URI]:styles.css
  [Timestamp]:Sat Oct 15 2016 16:54:08 GMT-1000 (HST)

  [Method]: GET
  [URI]:articles/turn down/edit
  [Timestamp]:Sat Oct 15 2016 16:54:50 GMT-1000 (HST)

  [Method]: GET
  [URI]:styles.css
  [Timestamp]:Sat Oct 15 2016 16:54:50 GMT-1000 (HST)

  [Method]: GET
  [URI]:articles/turn down/edit
  [Timestamp]:Sat Oct 15 2016 16:55:29 GMT-1000 (HST)

  [Method]: GET
  [URI]:styles.css
  [Timestamp]:Sat Oct 15 2016 16:55:29 GMT-1000 (HST)

  [Method]: GET
  [URI]:articles/turn down/edit
  [Timestamp]:Sat Oct 15 2016 16:58:17 GMT-1000 (HST)

  [Method]: GET
  [URI]:styles.css
  [Timestamp]:Sat Oct 15 2016 16:58:17 GMT-1000 (HST)

  [Method]: GET
  [URI]:articles/turn down/edit
  [Timestamp]:Sat Oct 15 2016 16:58:32 GMT-1000 (HST)

  [Method]: GET
  [URI]:styles.css
  [Timestamp]:Sat Oct 15 2016 16:58:32 GMT-1000 (HST)

  [Method]: GET
  [URI]:articles/turn down/edit
  [Timestamp]:Sat Oct 15 2016 16:59:18 GMT-1000 (HST)

  [Method]: GET
  [URI]:styles.css
  [Timestamp]:Sat Oct 15 2016 16:59:18 GMT-1000 (HST)

  [Method]: GET
  [URI]:articles/turn down/edit
  [Timestamp]:Sat Oct 15 2016 17:01:09 GMT-1000 (HST)

  [Method]: GET
  [URI]:styles.css
  [Timestamp]:Sat Oct 15 2016 17:01:09 GMT-1000 (HST)

  [Method]: GET
  [URI]:articles/turn down/edit
  [Timestamp]:Sat Oct 15 2016 17:02:13 GMT-1000 (HST)

  [Method]: GET
  [URI]:styles.css
  [Timestamp]:Sat Oct 15 2016 17:02:13 GMT-1000 (HST)

  [Method]: GET
  [URI]:articles/turn down/edit
  [Timestamp]:Sat Oct 15 2016 17:02:42 GMT-1000 (HST)

  [Method]: GET
  [URI]:articles/turn down/edit
  [Timestamp]:Sat Oct 15 2016 17:02:51 GMT-1000 (HST)

  [Method]: GET
  [URI]:styles.css
  [Timestamp]:Sat Oct 15 2016 17:02:51 GMT-1000 (HST)

  [Method]: GET
  [URI]:articles/turn down/edit
  [Timestamp]:Sat Oct 15 2016 17:03:11 GMT-1000 (HST)

  [Method]: GET
  [URI]:styles.css
  [Timestamp]:Sat Oct 15 2016 17:03:11 GMT-1000 (HST)

  [Method]: GET
  [URI]:articles/turn down/edit
  [Timestamp]:Sat Oct 15 2016 17:04:07 GMT-1000 (HST)

  [Method]: GET
  [URI]:styles.css
  [Timestamp]:Sat Oct 15 2016 17:04:07 GMT-1000 (HST)

  [Method]: GET
  [URI]:products
  [Timestamp]:Sat Oct 15 2016 18:04:44 GMT-1000 (HST)

  [Method]: GET
  [URI]:products/new
  [Timestamp]:Sat Oct 15 2016 18:05:15 GMT-1000 (HST)

  [Method]: GET
  [URI]:products/new
  [Timestamp]:Sat Oct 15 2016 18:05:15 GMT-1000 (HST)

  [Method]: GET
  [URI]:styles.css
  [Timestamp]:Sat Oct 15 2016 18:05:16 GMT-1000 (HST)

  [Method]: POST
  [URI]:products/new
  [Timestamp]:Sat Oct 15 2016 18:06:01 GMT-1000 (HST)

  [Method]: GET
  [URI]:products/new
  [Timestamp]:Sat Oct 15 2016 18:06:23 GMT-1000 (HST)

  [Method]: GET
  [URI]:styles.css
  [Timestamp]:Sat Oct 15 2016 18:06:23 GMT-1000 (HST)

  [Method]: POST
  [URI]:products/new
  [Timestamp]:Sat Oct 15 2016 18:06:34 GMT-1000 (HST)

  [Method]: POST
  [URI]:products/new
  [Timestamp]:Sat Oct 15 2016 18:06:40 GMT-1000 (HST)

  [Method]: GET
  [URI]:products/new
  [Timestamp]:Sat Oct 15 2016 18:06:45 GMT-1000 (HST)

  [Method]: GET
  [URI]:styles.css
  [Timestamp]:Sat Oct 15 2016 18:06:45 GMT-1000 (HST)

  [Method]: POST
  [URI]:products/new
  [Timestamp]:Sat Oct 15 2016 18:06:55 GMT-1000 (HST)

  [Method]: POST
  [URI]:products/new
  [Timestamp]:Sat Oct 15 2016 18:07:00 GMT-1000 (HST)

  [Method]: GET
  [URI]:products/new
  [Timestamp]:Sat Oct 15 2016 18:07:06 GMT-1000 (HST)

  [Method]: GET
  [URI]:styles.css
  [Timestamp]:Sat Oct 15 2016 18:07:06 GMT-1000 (HST)

  [Method]: GET
  [URI]:products/
  [Timestamp]:Sat Oct 15 2016 18:08:20 GMT-1000 (HST)

  [Method]: GET
  [URI]:products/
  [Timestamp]:Sat Oct 15 2016 18:08:32 GMT-1000 (HST)

  [Method]: GET
  [URI]:styles.css
  [Timestamp]:Sat Oct 15 2016 18:08:32 GMT-1000 (HST)

  [Method]: GET
  [URI]:products/
  [Timestamp]:Sat Oct 15 2016 18:09:51 GMT-1000 (HST)

  [Method]: GET
  [URI]:styles.css
  [Timestamp]:Sat Oct 15 2016 18:09:51 GMT-1000 (HST)

  [Method]: GET
  [URI]:products
  [Timestamp]:Sat Oct 15 2016 18:10:04 GMT-1000 (HST)

  [Method]: DELETE
  [URI]:products/1
  [Timestamp]:Sat Oct 15 2016 18:10:13 GMT-1000 (HST)

  [Method]: GET
  [URI]:products
  [Timestamp]:Sat Oct 15 2016 18:10:20 GMT-1000 (HST)

  [Method]: GET
  [URI]:products
  [Timestamp]:Sat Oct 15 2016 18:13:09 GMT-1000 (HST)

  [Method]: DELETE
  [URI]:products/1
  [Timestamp]:Sat Oct 15 2016 18:13:16 GMT-1000 (HST)

  [Method]: GET
  [URI]:products
  [Timestamp]:Sat Oct 15 2016 18:13:21 GMT-1000 (HST)

  [Method]: GET
  [URI]:products/
  [Timestamp]:Sat Oct 15 2016 18:13:24 GMT-1000 (HST)

  [Method]: GET
  [URI]:styles.css
  [Timestamp]:Sat Oct 15 2016 18:13:24 GMT-1000 (HST)

  [Method]: DELETE
  [URI]:products/2
  [Timestamp]:Sat Oct 15 2016 18:13:42 GMT-1000 (HST)

  [Method]: GET
  [URI]:products/
  [Timestamp]:Sat Oct 15 2016 18:13:43 GMT-1000 (HST)

  [Method]: GET
  [URI]:styles.css
  [Timestamp]:Sat Oct 15 2016 18:13:43 GMT-1000 (HST)

  [Method]: GET
  [URI]:products/new
  [Timestamp]:Sat Oct 15 2016 18:17:05 GMT-1000 (HST)

  [Method]: GET
  [URI]:styles.css
  [Timestamp]:Sat Oct 15 2016 18:17:05 GMT-1000 (HST)

  [Method]: POST
  [URI]:products/new
  [Timestamp]:Sat Oct 15 2016 18:17:15 GMT-1000 (HST)

  [Method]: GET
  [URI]:products
  [Timestamp]:Sat Oct 15 2016 18:17:16 GMT-1000 (HST)

  [Method]: GET
  [URI]:styles.css
  [Timestamp]:Sat Oct 15 2016 18:17:16 GMT-1000 (HST)

  [Method]: GET
  [URI]:products/new
  [Timestamp]:Sat Oct 15 2016 18:17:20 GMT-1000 (HST)

  [Method]: GET
  [URI]:styles.css
  [Timestamp]:Sat Oct 15 2016 18:17:20 GMT-1000 (HST)

  [Method]: POST
  [URI]:products/new
  [Timestamp]:Sat Oct 15 2016 18:17:32 GMT-1000 (HST)

  [Method]: GET
  [URI]:products
  [Timestamp]:Sat Oct 15 2016 18:17:33 GMT-1000 (HST)

  [Method]: GET
  [URI]:styles.css
  [Timestamp]:Sat Oct 15 2016 18:17:33 GMT-1000 (HST)

  [Method]: GET
  [URI]:products/new
  [Timestamp]:Sat Oct 15 2016 18:17:37 GMT-1000 (HST)

  [Method]: GET
  [URI]:styles.css
  [Timestamp]:Sat Oct 15 2016 18:17:37 GMT-1000 (HST)

  [Method]: POST
  [URI]:products/new
  [Timestamp]:Sat Oct 15 2016 18:17:50 GMT-1000 (HST)

  [Method]: GET
  [URI]:products/1/edit
  [Timestamp]:Sat Oct 15 2016 18:17:56 GMT-1000 (HST)

  [Method]: GET
  [URI]:products
  [Timestamp]:Sat Oct 15 2016 18:18:51 GMT-1000 (HST)

  [Method]: PUT
  [URI]:products/1
  [Timestamp]:Sat Oct 15 2016 18:19:15 GMT-1000 (HST)

  [Method]: GET
  [URI]:products
  [Timestamp]:Sat Oct 15 2016 18:19:42 GMT-1000 (HST)

  [Method]: PUT
  [URI]:products/1
  [Timestamp]:Sat Oct 15 2016 18:20:39 GMT-1000 (HST)

  [Method]: GET
  [URI]:products/
  [Timestamp]:Sat Oct 15 2016 18:20:56 GMT-1000 (HST)

  [Method]: PUT
  [URI]:products/1
  [Timestamp]:Sat Oct 15 2016 18:22:32 GMT-1000 (HST)

  [Method]: PUT
  [URI]:products/1
  [Timestamp]:Sat Oct 15 2016 18:22:52 GMT-1000 (HST)

  [Method]: PUT
  [URI]:products/1
  [Timestamp]:Sat Oct 15 2016 18:23:17 GMT-1000 (HST)

  [Method]: PUT
  [URI]:products/1
  [Timestamp]:Sat Oct 15 2016 18:23:43 GMT-1000 (HST)

  [Method]: GET
  [URI]:products/1/edit
  [Timestamp]:Sat Oct 15 2016 18:24:19 GMT-1000 (HST)

  [Method]: GET
  [URI]:products/
  [Timestamp]:Sat Oct 15 2016 18:24:23 GMT-1000 (HST)

  [Method]: GET
  [URI]:styles.css
  [Timestamp]:Sat Oct 15 2016 18:24:23 GMT-1000 (HST)

  [Method]: PUT
  [URI]:products/1
  [Timestamp]:Sat Oct 15 2016 18:24:40 GMT-1000 (HST)

  [Method]: GET
  [URI]:products/
  [Timestamp]:Sat Oct 15 2016 18:24:45 GMT-1000 (HST)

  [Method]: GET
  [URI]:styles.css
  [Timestamp]:Sat Oct 15 2016 18:24:45 GMT-1000 (HST)

  [Method]: GET
  [URI]:products/
  [Timestamp]:Sat Oct 15 2016 18:25:08 GMT-1000 (HST)

  [Method]: PUT
  [URI]:products/1
  [Timestamp]:Sat Oct 15 2016 18:26:34 GMT-1000 (HST)

  [Method]: PUT
  [URI]:products/1
  [Timestamp]:Sat Oct 15 2016 18:27:10 GMT-1000 (HST)

  [Method]: PUT
  [URI]:products/1
  [Timestamp]:Sat Oct 15 2016 18:27:34 GMT-1000 (HST)

  [Method]: PUT
  [URI]:products/1
  [Timestamp]:Sat Oct 15 2016 18:27:51 GMT-1000 (HST)

  [Method]: PUT
  [URI]:products/1
  [Timestamp]:Sat Oct 15 2016 18:28:06 GMT-1000 (HST)

  [Method]: GET
  [URI]:products/
  [Timestamp]:Sat Oct 15 2016 18:28:10 GMT-1000 (HST)

  [Method]: GET
  [URI]:styles.css
  [Timestamp]:Sat Oct 15 2016 18:28:10 GMT-1000 (HST)

  [Method]: PUT
  [URI]:products/2
  [Timestamp]:Sat Oct 15 2016 18:28:56 GMT-1000 (HST)

  [Method]: GET
  [URI]:products/
  [Timestamp]:Sat Oct 15 2016 18:28:57 GMT-1000 (HST)

  [Method]: GET
  [URI]:styles.css
  [Timestamp]:Sat Oct 15 2016 18:28:57 GMT-1000 (HST)

  [Method]: PUT
  [URI]:products/2
  [Timestamp]:Sat Oct 15 2016 18:31:08 GMT-1000 (HST)

  [Method]: GET
  [URI]:products/
  [Timestamp]:Sat Oct 15 2016 18:31:15 GMT-1000 (HST)

  [Method]: GET
  [URI]:styles.css
  [Timestamp]:Sat Oct 15 2016 18:31:15 GMT-1000 (HST)

  [Method]: GET
  [URI]:products/
  [Timestamp]:Sat Oct 15 2016 18:31:34 GMT-1000 (HST)

  [Method]: GET
  [URI]:styles.css
  [Timestamp]:Sat Oct 15 2016 18:31:34 GMT-1000 (HST)

  [Method]: PUT
  [URI]:products/2
  [Timestamp]:Sat Oct 15 2016 18:31:40 GMT-1000 (HST)

  [Method]: GET
  [URI]:products/
  [Timestamp]:Sat Oct 15 2016 18:31:42 GMT-1000 (HST)

  [Method]: GET
  [URI]:styles.css
  [Timestamp]:Sat Oct 15 2016 18:31:42 GMT-1000 (HST)

  [Method]: PUT
  [URI]:products/2
  [Timestamp]:Sat Oct 15 2016 18:31:50 GMT-1000 (HST)

  [Method]: GET
  [URI]:products/
  [Timestamp]:Sat Oct 15 2016 18:31:53 GMT-1000 (HST)

  [Method]: GET
  [URI]:styles.css
  [Timestamp]:Sat Oct 15 2016 18:31:53 GMT-1000 (HST)

  [Method]: GET
  [URI]:products/
  [Timestamp]:Sat Oct 15 2016 18:35:58 GMT-1000 (HST)

  [Method]: GET
  [URI]:styles.css
  [Timestamp]:Sat Oct 15 2016 18:35:58 GMT-1000 (HST)

  [Method]: GET
  [URI]:products/new
  [Timestamp]:Sat Oct 15 2016 18:36:00 GMT-1000 (HST)

  [Method]: GET
  [URI]:styles.css
  [Timestamp]:Sat Oct 15 2016 18:36:00 GMT-1000 (HST)

  [Method]: POST
  [URI]:products/new
  [Timestamp]:Sat Oct 15 2016 18:36:09 GMT-1000 (HST)

  [Method]: GET
  [URI]:products
  [Timestamp]:Sat Oct 15 2016 18:36:10 GMT-1000 (HST)

  [Method]: GET
  [URI]:styles.css
  [Timestamp]:Sat Oct 15 2016 18:36:10 GMT-1000 (HST)

  [Method]: PUT
  [URI]:products/1
  [Timestamp]:Sat Oct 15 2016 18:36:43 GMT-1000 (HST)

  [Method]: GET
  [URI]:products
  [Timestamp]:Sat Oct 15 2016 18:36:50 GMT-1000 (HST)

  [Method]: GET
  [URI]:styles.css
  [Timestamp]:Sat Oct 15 2016 18:36:50 GMT-1000 (HST)

  [Method]: GET
  [URI]:products/new
  [Timestamp]:Sat Oct 15 2016 18:36:57 GMT-1000 (HST)

  [Method]: GET
  [URI]:styles.css
  [Timestamp]:Sat Oct 15 2016 18:36:57 GMT-1000 (HST)

  [Method]: POST
  [URI]:products/new
  [Timestamp]:Sat Oct 15 2016 18:37:06 GMT-1000 (HST)

  [Method]: GET
  [URI]:products
  [Timestamp]:Sat Oct 15 2016 18:37:09 GMT-1000 (HST)

  [Method]: GET
  [URI]:styles.css
  [Timestamp]:Sat Oct 15 2016 18:37:09 GMT-1000 (HST)

  [Method]: POST
  [URI]:products/new
  [Timestamp]:Sat Oct 15 2016 18:37:16 GMT-1000 (HST)

  [Method]: POST
  [URI]:products/new
  [Timestamp]:Sat Oct 15 2016 18:37:17 GMT-1000 (HST)

  [Method]: GET
  [URI]:products
  [Timestamp]:Sat Oct 15 2016 18:37:17 GMT-1000 (HST)

  [Method]: GET
  [URI]:styles.css
  [Timestamp]:Sat Oct 15 2016 18:37:17 GMT-1000 (HST)

  [Method]: PUT
  [URI]:products/2
  [Timestamp]:Sat Oct 15 2016 18:37:26 GMT-1000 (HST)

  [Method]: GET
  [URI]:products
  [Timestamp]:Sat Oct 15 2016 18:37:32 GMT-1000 (HST)

  [Method]: GET
  [URI]:styles.css
  [Timestamp]:Sat Oct 15 2016 18:37:32 GMT-1000 (HST)

  [Method]: PUT
  [URI]:products/2
  [Timestamp]:Sat Oct 15 2016 18:38:25 GMT-1000 (HST)

  [Method]: GET
  [URI]:products
  [Timestamp]:Sat Oct 15 2016 18:38:28 GMT-1000 (HST)

  [Method]: GET
  [URI]:styles.css
  [Timestamp]:Sat Oct 15 2016 18:38:28 GMT-1000 (HST)

  [Method]: PUT
  [URI]:products/2
  [Timestamp]:Sat Oct 15 2016 18:39:22 GMT-1000 (HST)

  [Method]: GET
  [URI]:products
  [Timestamp]:Sat Oct 15 2016 18:39:25 GMT-1000 (HST)

  [Method]: GET
  [URI]:styles.css
  [Timestamp]:Sat Oct 15 2016 18:39:25 GMT-1000 (HST)

  [Method]: GET
  [URI]:products
  [Timestamp]:Sat Oct 15 2016 18:41:56 GMT-1000 (HST)

  [Method]: GET
  [URI]:styles.css
  [Timestamp]:Sat Oct 15 2016 18:41:56 GMT-1000 (HST)

  [Method]: PUT
  [URI]:products/2
  [Timestamp]:Sat Oct 15 2016 18:43:36 GMT-1000 (HST)

  [Method]: GET
  [URI]:products
  [Timestamp]:Sat Oct 15 2016 18:44:41 GMT-1000 (HST)

  [Method]: GET
  [URI]:styles.css
  [Timestamp]:Sat Oct 15 2016 18:44:41 GMT-1000 (HST)

  [Method]: PUT
  [URI]:products/3
  [Timestamp]:Sat Oct 15 2016 18:49:14 GMT-1000 (HST)

  [Method]: GET
  [URI]:products
  [Timestamp]:Sat Oct 15 2016 18:49:17 GMT-1000 (HST)

  [Method]: GET
  [URI]:styles.css
  [Timestamp]:Sat Oct 15 2016 18:49:17 GMT-1000 (HST)

  [Method]: PUT
  [URI]:products/1
  [Timestamp]:Sat Oct 15 2016 18:50:12 GMT-1000 (HST)

  [Method]: GET
  [URI]:products
  [Timestamp]:Sat Oct 15 2016 18:50:15 GMT-1000 (HST)

  [Method]: GET
  [URI]:styles.css
  [Timestamp]:Sat Oct 15 2016 18:50:15 GMT-1000 (HST)

  [Method]: PUT
  [URI]:products/4
  [Timestamp]:Sat Oct 15 2016 18:50:44 GMT-1000 (HST)

  [Method]: GET
  [URI]:products
  [Timestamp]:Sat Oct 15 2016 18:50:48 GMT-1000 (HST)

  [Method]: GET
  [URI]:styles.css
  [Timestamp]:Sat Oct 15 2016 18:50:48 GMT-1000 (HST)

  [Method]: PUT
  [URI]:products/4
  [Timestamp]:Sat Oct 15 2016 18:52:04 GMT-1000 (HST)

  [Method]: GET
  [URI]:products
  [Timestamp]:Sat Oct 15 2016 18:52:07 GMT-1000 (HST)

  [Method]: GET
  [URI]:styles.css
  [Timestamp]:Sat Oct 15 2016 18:52:07 GMT-1000 (HST)

  [Method]: DELETE
  [URI]:products/4
  [Timestamp]:Sat Oct 15 2016 18:53:47 GMT-1000 (HST)

  [Method]: GET
  [URI]:products
  [Timestamp]:Sat Oct 15 2016 18:53:50 GMT-1000 (HST)

  [Method]: GET
  [URI]:styles.css
  [Timestamp]:Sat Oct 15 2016 18:53:50 GMT-1000 (HST)

  [Method]: GET
  [URI]:products/1/edit
  [Timestamp]:Sat Oct 15 2016 18:54:51 GMT-1000 (HST)

  [Method]: GET
  [URI]:styles.css
  [Timestamp]:Sat Oct 15 2016 18:54:51 GMT-1000 (HST)

  [Method]: GET
  [URI]:products/1/edit
  [Timestamp]:Sat Oct 15 2016 18:55:26 GMT-1000 (HST)

  [Method]: GET
  [URI]:styles.css
  [Timestamp]:Sat Oct 15 2016 18:55:26 GMT-1000 (HST)

  [Method]: GET
  [URI]:products/new
  [Timestamp]:Sat Oct 15 2016 18:56:19 GMT-1000 (HST)

  [Method]: GET
  [URI]:styles.css
  [Timestamp]:Sat Oct 15 2016 18:56:19 GMT-1000 (HST)

  [Method]: POST
  [URI]:products/new
  [Timestamp]:Sat Oct 15 2016 18:56:26 GMT-1000 (HST)

  [Method]: GET
  [URI]:styles.css
  [Timestamp]:Sat Oct 15 2016 18:56:26 GMT-1000 (HST)

  [Method]: GET
  [URI]:products/new
  [Timestamp]:Sat Oct 15 2016 18:57:22 GMT-1000 (HST)

  [Method]: GET
  [URI]:styles.css
  [Timestamp]:Sat Oct 15 2016 18:57:22 GMT-1000 (HST)

  [Method]: POST
  [URI]:products/new
  [Timestamp]:Sat Oct 15 2016 18:57:29 GMT-1000 (HST)

  [Method]: GET
  [URI]:products
  [Timestamp]:Sat Oct 15 2016 18:57:29 GMT-1000 (HST)

  [Method]: GET
  [URI]:styles.css
  [Timestamp]:Sat Oct 15 2016 18:57:30 GMT-1000 (HST)

  [Method]: GET
  [URI]:products/1/edit
  [Timestamp]:Sat Oct 15 2016 18:59:01 GMT-1000 (HST)

  [Method]: GET
  [URI]:styles.css
  [Timestamp]:Sat Oct 15 2016 18:59:01 GMT-1000 (HST)

  [Method]: GET
  [URI]:products/1/edit
  [Timestamp]:Sat Oct 15 2016 18:59:45 GMT-1000 (HST)

  [Method]: GET
  [URI]:styles.css
  [Timestamp]:Sat Oct 15 2016 18:59:45 GMT-1000 (HST)

  [Method]: GET
  [URI]:products/1/edit
  [Timestamp]:Sat Oct 15 2016 19:00:11 GMT-1000 (HST)

  [Method]: GET
  [URI]:styles.css
  [Timestamp]:Sat Oct 15 2016 19:00:12 GMT-1000 (HST)

  [Method]: GET
  [URI]:products/new
  [Timestamp]:Sat Oct 15 2016 19:01:54 GMT-1000 (HST)

  [Method]: GET
  [URI]:styles.css
  [Timestamp]:Sat Oct 15 2016 19:01:54 GMT-1000 (HST)

  [Method]: POST
  [URI]:products/new
  [Timestamp]:Sat Oct 15 2016 19:02:04 GMT-1000 (HST)

  [Method]: GET
  [URI]:products/new
  [Timestamp]:Sat Oct 15 2016 19:02:17 GMT-1000 (HST)

  [Method]: GET
  [URI]:styles.css
  [Timestamp]:Sat Oct 15 2016 19:02:17 GMT-1000 (HST)

  [Method]: GET
  [URI]:products/
  [Timestamp]:Sat Oct 15 2016 19:02:19 GMT-1000 (HST)

  [Method]: GET
  [URI]:styles.css
  [Timestamp]:Sat Oct 15 2016 19:02:19 GMT-1000 (HST)

  