[Method]: GET
  [URI]:articles/new
  [Timestamp]:Wed Oct 12 2016 10:36:53 GMT-1000 (HST)

  [Method]: GET
  [URI]:styles.css
  [Timestamp]:Wed Oct 12 2016 10:36:53 GMT-1000 (HST)

  [Method]: GET
  [URI]:articles
  [Timestamp]:Wed Oct 12 2016 10:37:02 GMT-1000 (HST)

  [Method]: GET
  [URI]:styles.css
  [Timestamp]:Wed Oct 12 2016 10:37:02 GMT-1000 (HST)

  [Method]: GET
  [URI]:products/new
  [Timestamp]:Wed Oct 12 2016 10:37:41 GMT-1000 (HST)

  [Method]: GET
  [URI]:styles.css
  [Timestamp]:Wed Oct 12 2016 10:37:41 GMT-1000 (HST)

  [Method]: GET
  [URI]:products
  [Timestamp]:Wed Oct 12 2016 10:38:11 GMT-1000 (HST)

  [Method]: GET
  [URI]:styles.css
  [Timestamp]:Wed Oct 12 2016 10:38:11 GMT-1000 (HST)

  [Method]: GET
  [URI]:products/new
  [Timestamp]:Wed Oct 12 2016 10:38:15 GMT-1000 (HST)

  [Method]: GET
  [URI]:styles.css
  [Timestamp]:Wed Oct 12 2016 10:38:15 GMT-1000 (HST)

  [Method]: GET
  [URI]:products/new
  [Timestamp]:Wed Oct 12 2016 10:38:32 GMT-1000 (HST)

  [Method]: GET
  [URI]:styles.css
  [Timestamp]:Wed Oct 12 2016 10:38:32 GMT-1000 (HST)

  [Method]: GET
  [URI]:products/new
  [Timestamp]:Wed Oct 12 2016 10:38:43 GMT-1000 (HST)

  [Method]: GET
  [URI]:styles.css
  [Timestamp]:Wed Oct 12 2016 10:38:43 GMT-1000 (HST)

  [Method]: GET
  [URI]:products/new
  [Timestamp]:Wed Oct 12 2016 10:38:45 GMT-1000 (HST)

  [Method]: GET
  [URI]:styles.css
  [Timestamp]:Wed Oct 12 2016 10:38:45 GMT-1000 (HST)

  [Method]: GET
  [URI]:products/new
  [Timestamp]:Wed Oct 12 2016 10:38:58 GMT-1000 (HST)

  [Method]: GET
  [URI]:styles.css
  [Timestamp]:Wed Oct 12 2016 10:38:58 GMT-1000 (HST)

  