[Method]: GET
  [URI]:
  [Timestamp]:Mon Oct 17 2016 11:42:45 GMT-1000 (HST)

  [Method]: GET
  [URI]:favicon.ico
  [Timestamp]:Mon Oct 17 2016 11:42:45 GMT-1000 (HST)

  [Method]: GET
  [URI]:articles
  [Timestamp]:Mon Oct 17 2016 11:42:51 GMT-1000 (HST)

  [Method]: GET
  [URI]:styles.css
  [Timestamp]:Mon Oct 17 2016 11:42:52 GMT-1000 (HST)

  [Method]: GET
  [URI]:articles/new
  [Timestamp]:Mon Oct 17 2016 11:42:59 GMT-1000 (HST)

  [Method]: GET
  [URI]:styles.css
  [Timestamp]:Mon Oct 17 2016 11:42:59 GMT-1000 (HST)

  [Method]: GET
  [URI]:products/new
  [Timestamp]:Mon Oct 17 2016 11:57:59 GMT-1000 (HST)

  [Method]: GET
  [URI]:styles.css
  [Timestamp]:Mon Oct 17 2016 11:57:59 GMT-1000 (HST)

  [Method]: GET
  [URI]:styles.css
  [Timestamp]:Mon Oct 17 2016 11:58:06 GMT-1000 (HST)

  [Method]: GET
  [URI]:products/new
  [Timestamp]:Mon Oct 17 2016 11:59:56 GMT-1000 (HST)

  [Method]: GET
  [URI]:styles.css
  [Timestamp]:Mon Oct 17 2016 11:59:56 GMT-1000 (HST)

  [Method]: GET
  [URI]:styles.css
  [Timestamp]:Mon Oct 17 2016 12:00:14 GMT-1000 (HST)

  [Method]: GET
  [URI]:products/new
  [Timestamp]:Mon Oct 17 2016 12:01:06 GMT-1000 (HST)

  [Method]: GET
  [URI]:styles.css
  [Timestamp]:Mon Oct 17 2016 12:01:06 GMT-1000 (HST)

  [Method]: GET
  [URI]:products/new
  [Timestamp]:Mon Oct 17 2016 12:01:36 GMT-1000 (HST)

  [Method]: GET
  [URI]:styles.css
  [Timestamp]:Mon Oct 17 2016 12:01:36 GMT-1000 (HST)

  [Method]: GET
  [URI]:products/new
  [Timestamp]:Mon Oct 17 2016 12:03:21 GMT-1000 (HST)

  [Method]: GET
  [URI]:styles.css
  [Timestamp]:Mon Oct 17 2016 12:03:21 GMT-1000 (HST)

  [Method]: GET
  [URI]:products/new
  [Timestamp]:Mon Oct 17 2016 12:04:01 GMT-1000 (HST)

  [Method]: GET
  [URI]:styles.css
  [Timestamp]:Mon Oct 17 2016 12:04:01 GMT-1000 (HST)

  [Method]: GET
  [URI]:products/new
  [Timestamp]:Mon Oct 17 2016 12:04:26 GMT-1000 (HST)

  [Method]: GET
  [URI]:styles.css
  [Timestamp]:Mon Oct 17 2016 12:04:26 GMT-1000 (HST)

  [Method]: GET
  [URI]:products/new
  [Timestamp]:Mon Oct 17 2016 12:04:49 GMT-1000 (HST)

  [Method]: GET
  [URI]:styles.css
  [Timestamp]:Mon Oct 17 2016 12:04:49 GMT-1000 (HST)

  [Method]: GET
  [URI]:products/new
  [Timestamp]:Mon Oct 17 2016 12:05:23 GMT-1000 (HST)

  [Method]: GET
  [URI]:styles.css
  [Timestamp]:Mon Oct 17 2016 12:05:23 GMT-1000 (HST)

  [Method]: POST
  [URI]:products/new
  [Timestamp]:Mon Oct 17 2016 12:05:44 GMT-1000 (HST)

  [Method]: GET
  [URI]:products/new
  [Timestamp]:Mon Oct 17 2016 12:05:51 GMT-1000 (HST)

  [Method]: GET
  [URI]:styles.css
  [Timestamp]:Mon Oct 17 2016 12:05:51 GMT-1000 (HST)

  [Method]: GET
  [URI]:products/
  [Timestamp]:Mon Oct 17 2016 12:05:52 GMT-1000 (HST)

  [Method]: GET
  [URI]:styles.css
  [Timestamp]:Mon Oct 17 2016 12:05:52 GMT-1000 (HST)

  [Method]: GET
  [URI]:products/new
  [Timestamp]:Mon Oct 17 2016 12:05:58 GMT-1000 (HST)

  [Method]: GET
  [URI]:styles.css
  [Timestamp]:Mon Oct 17 2016 12:05:59 GMT-1000 (HST)

  [Method]: GET
  [URI]:products/new
  [Timestamp]:Mon Oct 17 2016 12:05:59 GMT-1000 (HST)

  [Method]: GET
  [URI]:styles.css
  [Timestamp]:Mon Oct 17 2016 12:05:59 GMT-1000 (HST)

  [Method]: GET
  [URI]:products/new
  [Timestamp]:Mon Oct 17 2016 12:06:33 GMT-1000 (HST)

  [Method]: GET
  [URI]:styles.css
  [Timestamp]:Mon Oct 17 2016 12:06:33 GMT-1000 (HST)

  [Method]: GET
  [URI]:products/new
  [Timestamp]:Mon Oct 17 2016 12:07:00 GMT-1000 (HST)

  [Method]: GET
  [URI]:styles.css
  [Timestamp]:Mon Oct 17 2016 12:07:00 GMT-1000 (HST)

  [Method]: GET
  [URI]:products/new
  [Timestamp]:Mon Oct 17 2016 12:07:25 GMT-1000 (HST)

  [Method]: GET
  [URI]:styles.css
  [Timestamp]:Mon Oct 17 2016 12:07:25 GMT-1000 (HST)

  [Method]: GET
  [URI]:products/new
  [Timestamp]:Mon Oct 17 2016 12:07:39 GMT-1000 (HST)

  [Method]: GET
  [URI]:styles.css
  [Timestamp]:Mon Oct 17 2016 12:07:39 GMT-1000 (HST)

  [Method]: GET
  [URI]:products/new
  [Timestamp]:Mon Oct 17 2016 12:09:24 GMT-1000 (HST)

  [Method]: GET
  [URI]:styles.css
  [Timestamp]:Mon Oct 17 2016 12:09:24 GMT-1000 (HST)

  [Method]: GET
  [URI]:products/new
  [Timestamp]:Mon Oct 17 2016 12:09:40 GMT-1000 (HST)

  [Method]: GET
  [URI]:styles.css
  [Timestamp]:Mon Oct 17 2016 12:09:40 GMT-1000 (HST)

  [Method]: GET
  [URI]:products/new
  [Timestamp]:Mon Oct 17 2016 12:13:15 GMT-1000 (HST)

  [Method]: GET
  [URI]:styles.css
  [Timestamp]:Mon Oct 17 2016 12:13:15 GMT-1000 (HST)

  [Method]: GET
  [URI]:products/new
  [Timestamp]:Mon Oct 17 2016 12:13:53 GMT-1000 (HST)

  [Method]: GET
  [URI]:styles.css
  [Timestamp]:Mon Oct 17 2016 12:13:53 GMT-1000 (HST)

  [Method]: GET
  [URI]:products/eidt
  [Timestamp]:Mon Oct 17 2016 12:14:14 GMT-1000 (HST)

  [Method]: GET
  [URI]:products/edit
  [Timestamp]:Mon Oct 17 2016 12:15:44 GMT-1000 (HST)

  [Method]: GET
  [URI]:products/
  [Timestamp]:Mon Oct 17 2016 12:15:56 GMT-1000 (HST)

  [Method]: GET
  [URI]:styles.css
  [Timestamp]:Mon Oct 17 2016 12:15:56 GMT-1000 (HST)

  [Method]: GET
  [URI]:products/hello/edit
  [Timestamp]:Mon Oct 17 2016 12:16:02 GMT-1000 (HST)

  [Method]: GET
  [URI]:styles.css
  [Timestamp]:Mon Oct 17 2016 12:16:02 GMT-1000 (HST)

  [Method]: GET
  [URI]:products/hello/edit
  [Timestamp]:Mon Oct 17 2016 12:16:26 GMT-1000 (HST)

  [Method]: GET
  [URI]:styles.css
  [Timestamp]:Mon Oct 17 2016 12:16:26 GMT-1000 (HST)

  [Method]: GET
  [URI]:products/hello/edit
  [Timestamp]:Mon Oct 17 2016 12:16:59 GMT-1000 (HST)

  [Method]: GET
  [URI]:styles.css
  [Timestamp]:Mon Oct 17 2016 12:16:59 GMT-1000 (HST)

  [Method]: GET
  [URI]:products/hello/edit
  [Timestamp]:Mon Oct 17 2016 12:17:03 GMT-1000 (HST)

  [Method]: GET
  [URI]:styles.css
  [Timestamp]:Mon Oct 17 2016 12:17:03 GMT-1000 (HST)

  [Method]: GET
  [URI]:products/hello/edit
  [Timestamp]:Mon Oct 17 2016 12:17:45 GMT-1000 (HST)

  [Method]: GET
  [URI]:styles.css
  [Timestamp]:Mon Oct 17 2016 12:17:45 GMT-1000 (HST)

  [Method]: GET
  [URI]:products/hello/edit
  [Timestamp]:Mon Oct 17 2016 12:18:21 GMT-1000 (HST)

  [Method]: GET
  [URI]:styles.css
  [Timestamp]:Mon Oct 17 2016 12:18:21 GMT-1000 (HST)

  [Method]: GET
  [URI]:products/hello/edit
  [Timestamp]:Mon Oct 17 2016 12:18:54 GMT-1000 (HST)

  [Method]: GET
  [URI]:styles.css
  [Timestamp]:Mon Oct 17 2016 12:18:54 GMT-1000 (HST)

  [Method]: GET
  [URI]:products/hello/edit
  [Timestamp]:Mon Oct 17 2016 12:19:03 GMT-1000 (HST)

  [Method]: GET
  [URI]:styles.css
  [Timestamp]:Mon Oct 17 2016 12:19:03 GMT-1000 (HST)

  [Method]: GET
  [URI]:articles/1/edit
  [Timestamp]:Mon Oct 17 2016 12:20:17 GMT-1000 (HST)

  [Method]: GET
  [URI]:styles.css
  [Timestamp]:Mon Oct 17 2016 12:20:17 GMT-1000 (HST)

  [Method]: GET
  [URI]:articles/1/edit
  [Timestamp]:Mon Oct 17 2016 12:20:31 GMT-1000 (HST)

  [Method]: GET
  [URI]:styles.css
  [Timestamp]:Mon Oct 17 2016 12:20:31 GMT-1000 (HST)

  [Method]: GET
  [URI]:articles/new
  [Timestamp]:Mon Oct 17 2016 12:20:35 GMT-1000 (HST)

  [Method]: GET
  [URI]:styles.css
  [Timestamp]:Mon Oct 17 2016 12:20:35 GMT-1000 (HST)

  [Method]: GET
  [URI]:articles/nfew
  [Timestamp]:Mon Oct 17 2016 12:20:35 GMT-1000 (HST)

  [Method]: GET
  [URI]:articles/nfew
  [Timestamp]:Mon Oct 17 2016 12:20:40 GMT-1000 (HST)

  [Method]: GET
  [URI]:articles/new
  [Timestamp]:Mon Oct 17 2016 12:20:44 GMT-1000 (HST)

  [Method]: GET
  [URI]:styles.css
  [Timestamp]:Mon Oct 17 2016 12:20:44 GMT-1000 (HST)

  [Method]: GET
  [URI]:articles/new
  [Timestamp]:Mon Oct 17 2016 12:20:44 GMT-1000 (HST)

  [Method]: GET
  [URI]:styles.css
  [Timestamp]:Mon Oct 17 2016 12:20:44 GMT-1000 (HST)

  [Method]: GET
  [URI]:products/1/edit
  [Timestamp]:Mon Oct 17 2016 12:21:30 GMT-1000 (HST)

  [Method]: GET
  [URI]:styles.css
  [Timestamp]:Mon Oct 17 2016 12:21:30 GMT-1000 (HST)

  [Method]: GET
  [URI]:products/1/edit
  [Timestamp]:Mon Oct 17 2016 12:21:30 GMT-1000 (HST)

  [Method]: GET
  [URI]:styles.css
  [Timestamp]:Mon Oct 17 2016 12:21:30 GMT-1000 (HST)

  [Method]: GET
  [URI]:products/1/edit
  [Timestamp]:Mon Oct 17 2016 12:21:57 GMT-1000 (HST)

  [Method]: GET
  [URI]:styles.css
  [Timestamp]:Mon Oct 17 2016 12:21:57 GMT-1000 (HST)

  [Method]: GET
  [URI]:products/1/edit
  [Timestamp]:Mon Oct 17 2016 12:22:59 GMT-1000 (HST)

  [Method]: GET
  [URI]:styles.css
  [Timestamp]:Mon Oct 17 2016 12:22:59 GMT-1000 (HST)

  [Method]: GET
  [URI]:products/1/edit
  [Timestamp]:Mon Oct 17 2016 12:23:13 GMT-1000 (HST)

  [Method]: GET
  [URI]:styles.css
  [Timestamp]:Mon Oct 17 2016 12:23:13 GMT-1000 (HST)

  [Method]: GET
  [URI]:products/1/edit
  [Timestamp]:Mon Oct 17 2016 12:23:26 GMT-1000 (HST)

  [Method]: GET
  [URI]:styles.css
  [Timestamp]:Mon Oct 17 2016 12:23:26 GMT-1000 (HST)

  [Method]: GET
  [URI]:articles
  [Timestamp]:Mon Oct 17 2016 12:24:45 GMT-1000 (HST)

  [Method]: GET
  [URI]:styles.css
  [Timestamp]:Mon Oct 17 2016 12:24:45 GMT-1000 (HST)

  [Method]: GET
  [URI]:articles/turn down/edit
  [Timestamp]:Mon Oct 17 2016 12:24:49 GMT-1000 (HST)

  [Method]: GET
  [URI]:styles.css
  [Timestamp]:Mon Oct 17 2016 12:24:49 GMT-1000 (HST)

  [Method]: GET
  [URI]:articles/turn down/edit
  [Timestamp]:Mon Oct 17 2016 12:24:50 GMT-1000 (HST)

  [Method]: GET
  [URI]:styles.css
  [Timestamp]:Mon Oct 17 2016 12:24:50 GMT-1000 (HST)

  [Method]: GET
  [URI]:articles/new
  [Timestamp]:Mon Oct 17 2016 12:25:05 GMT-1000 (HST)

  [Method]: GET
  [URI]:styles.css
  [Timestamp]:Mon Oct 17 2016 12:25:05 GMT-1000 (HST)

  [Method]: GET
  [URI]:articles/new
  [Timestamp]:Mon Oct 17 2016 12:25:05 GMT-1000 (HST)

  [Method]: GET
  [URI]:styles.css
  [Timestamp]:Mon Oct 17 2016 12:25:05 GMT-1000 (HST)

  [Method]: GET
  [URI]:articles/new
  [Timestamp]:Mon Oct 17 2016 12:25:46 GMT-1000 (HST)

  [Method]: GET
  [URI]:styles.css
  [Timestamp]:Mon Oct 17 2016 12:25:46 GMT-1000 (HST)

  [Method]: GET
  [URI]:articles
  [Timestamp]:Mon Oct 17 2016 12:27:38 GMT-1000 (HST)

  [Method]: GET
  [URI]:styles.css
  [Timestamp]:Mon Oct 17 2016 12:27:38 GMT-1000 (HST)

  [Method]: GET
  [URI]:articles/new
  [Timestamp]:Mon Oct 17 2016 12:30:07 GMT-1000 (HST)

  [Method]: GET
  [URI]:styles.css
  [Timestamp]:Mon Oct 17 2016 12:30:07 GMT-1000 (HST)

  [Method]: GET
  [URI]:articles/new
  [Timestamp]:Mon Oct 17 2016 12:30:08 GMT-1000 (HST)

  [Method]: GET
  [URI]:styles.css
  [Timestamp]:Mon Oct 17 2016 12:30:08 GMT-1000 (HST)

  [Method]: POST
  [URI]:articles/new
  [Timestamp]:Mon Oct 17 2016 12:30:32 GMT-1000 (HST)

  [Method]: GET
  [URI]:articles/new
  [Timestamp]:Mon Oct 17 2016 12:30:35 GMT-1000 (HST)

  [Method]: GET
  [URI]:styles.css
  [Timestamp]:Mon Oct 17 2016 12:30:35 GMT-1000 (HST)

  [Method]: GET
  [URI]:articles/
  [Timestamp]:Mon Oct 17 2016 12:30:37 GMT-1000 (HST)

  [Method]: GET
  [URI]:styles.css
  [Timestamp]:Mon Oct 17 2016 12:30:37 GMT-1000 (HST)

  [Method]: GET
  [URI]:articles/
  [Timestamp]:Mon Oct 17 2016 12:32:49 GMT-1000 (HST)

  [Method]: GET
  [URI]:styles.css
  [Timestamp]:Mon Oct 17 2016 12:32:49 GMT-1000 (HST)

  [Method]: GET
  [URI]:articles/new
  [Timestamp]:Mon Oct 17 2016 13:46:34 GMT-1000 (HST)

  [Method]: GET
  [URI]:styles.css
  [Timestamp]:Mon Oct 17 2016 13:46:34 GMT-1000 (HST)

  [Method]: GET
  [URI]:articles/new
  [Timestamp]:Mon Oct 17 2016 13:46:34 GMT-1000 (HST)

  [Method]: GET
  [URI]:styles.css
  [Timestamp]:Mon Oct 17 2016 13:46:35 GMT-1000 (HST)

  [Method]: GET
  [URI]:products/new
  [Timestamp]:Mon Oct 17 2016 13:47:18 GMT-1000 (HST)

  [Method]: GET
  [URI]:styles.css
  [Timestamp]:Mon Oct 17 2016 13:47:18 GMT-1000 (HST)

  [Method]: GET
  [URI]:products/new
  [Timestamp]:Mon Oct 17 2016 13:47:18 GMT-1000 (HST)

  [Method]: GET
  [URI]:styles.css
  [Timestamp]:Mon Oct 17 2016 13:47:18 GMT-1000 (HST)

  [Method]: GET
  [URI]:products/
  [Timestamp]:Mon Oct 17 2016 13:47:24 GMT-1000 (HST)

  [Method]: GET
  [URI]:styles.css
  [Timestamp]:Mon Oct 17 2016 13:47:24 GMT-1000 (HST)

  